{"/home/andrey/projects/mrsu-examples/oop/10_testing/02_import/src/calc.js": {"path":"/home/andrey/projects/mrsu-examples/oop/10_testing/02_import/src/calc.js","statementMap":{"0":{"start":{"line":4,"column":8},"end":{"line":4,"column":21}},"1":{"start":{"line":8,"column":8},"end":{"line":8,"column":21}},"2":{"start":{"line":12,"column":8},"end":{"line":14,"column":9}},"3":{"start":{"line":13,"column":12},"end":{"line":13,"column":18}},"4":{"start":{"line":16,"column":8},"end":{"line":16,"column":21}}},"fnMap":{"0":{"name":"(anonymous_0)","decl":{"start":{"line":3,"column":4},"end":{"line":3,"column":5}},"loc":{"start":{"line":3,"column":14},"end":{"line":5,"column":5}},"line":3},"1":{"name":"(anonymous_1)","decl":{"start":{"line":7,"column":4},"end":{"line":7,"column":5}},"loc":{"start":{"line":7,"column":15},"end":{"line":9,"column":5}},"line":7},"2":{"name":"(anonymous_2)","decl":{"start":{"line":11,"column":4},"end":{"line":11,"column":5}},"loc":{"start":{"line":11,"column":14},"end":{"line":17,"column":5}},"line":11}},"branchMap":{"0":{"loc":{"start":{"line":12,"column":8},"end":{"line":14,"column":9}},"type":"if","locations":[{"start":{"line":12,"column":8},"end":{"line":14,"column":9}},{"start":{"line":12,"column":8},"end":{"line":14,"column":9}}],"line":12},"1":{"loc":{"start":{"line":12,"column":12},"end":{"line":12,"column":30}},"type":"binary-expr","locations":[{"start":{"line":12,"column":12},"end":{"line":12,"column":14}},{"start":{"line":12,"column":18},"end":{"line":12,"column":30}}],"line":12}},"s":{"0":1,"1":0,"2":7,"3":6,"4":7},"f":{"0":1,"1":0,"2":7},"b":{"0":[6,1],"1":[7,4]},"_coverageSchema":"1a1c01bbd47fc00a2c39e90264f33305004495a9","hash":"8f5d87a25d01f63796f05111d127563de7c13cad"}
}
